<?xml version="1.0" encoding="UTF-8"?>
<coverage generated="1714734185766" clover="3.2.0">
  <project timestamp="1714734185767" name="All files">
    <metrics statements="19" coveredstatements="15" conditionals="6" coveredconditionals="1" methods="5" coveredmethods="5" elements="30" coveredelements="21" complexity="0" loc="19" ncloc="19" packages="1" files="1" classes="1"/>
    <file name="Pokemon.jsx" path="C:\Users\ashro\Desktop\Notes\ReactJs\testing\react-testing-vite\src\Pokemon.jsx">
      <metrics statements="19" coveredstatements="15" conditionals="6" coveredconditionals="1" methods="5" coveredmethods="5"/>
      <line num="4" count="1" type="stmt"/>
      <line num="5" count="3" type="stmt"/>
      <line num="6" count="3" type="stmt"/>
      <line num="7" count="3" type="stmt"/>
      <line num="9" count="3" type="stmt"/>
      <line num="10" count="1" type="stmt"/>
      <line num="11" count="1" type="stmt"/>
      <line num="14" count="1" type="stmt"/>
      <line num="15" count="1" type="stmt"/>
      <line num="18" count="0" type="cond" truecount="0" falsecount="4"/>
      <line num="19" count="0" type="stmt"/>
      <line num="20" count="0" type="stmt"/>
      <line num="22" count="0" type="stmt"/>
      <line num="27" count="3" type="stmt"/>
      <line num="28" count="1" type="stmt"/>
      <line num="29" count="1" type="stmt"/>
      <line num="32" count="3" type="stmt"/>
      <line num="39" count="1" type="stmt"/>
      <line num="48" count="2" type="stmt"/>
    </file>
  </project>
</coverage>
