{"C:\\Users\\ashro\\Desktop\\Notes\\ReactJs\\testing\\react-testing-vite\\src\\Pokemon.jsx": {"path":"C:\\Users\\ashro\\Desktop\\Notes\\ReactJs\\testing\\react-testing-vite\\src\\Pokemon.jsx","statementMap":{"0":{"start":{"line":4,"column":16},"end":{"line":55,"column":1}},"1":{"start":{"line":5,"column":26},"end":{"line":5,"column":38}},"2":{"start":{"line":6,"column":36},"end":{"line":6,"column":48}},"3":{"start":{"line":7,"column":28},"end":{"line":7,"column":42}},"4":{"start":{"line":9,"column":20},"end":{"line":25,"column":3}},"5":{"start":{"line":10,"column":4},"end":{"line":24,"column":5}},"6":{"start":{"line":11,"column":23},"end":{"line":13,"column":7}},"7":{"start":{"line":14,"column":6},"end":{"line":14,"column":35}},"8":{"start":{"line":15,"column":6},"end":{"line":15,"column":21}},"9":{"start":{"line":18,"column":6},"end":{"line":23,"column":7}},"10":{"start":{"line":19,"column":8},"end":{"line":19,"column":38}},"11":{"start":{"line":20,"column":8},"end":{"line":20,"column":25}},"12":{"start":{"line":22,"column":8},"end":{"line":22,"column":58}},"13":{"start":{"line":27,"column":23},"end":{"line":30,"column":3}},"14":{"start":{"line":28,"column":4},"end":{"line":28,"column":23}},"15":{"start":{"line":29,"column":4},"end":{"line":29,"column":16}},"16":{"start":{"line":32,"column":2},"end":{"line":54,"column":4}},"17":{"start":{"line":39,"column":27},"end":{"line":39,"column":50}},"18":{"start":{"line":48,"column":10},"end":{"line":50,"column":15}}},"fnMap":{"0":{"name":"(anonymous_0)","decl":{"start":{"line":4,"column":16},"end":{"line":4,"column":17}},"loc":{"start":{"line":4,"column":22},"end":{"line":55,"column":1}},"line":4},"1":{"name":"(anonymous_1)","decl":{"start":{"line":9,"column":20},"end":{"line":9,"column":21}},"loc":{"start":{"line":9,"column":32},"end":{"line":25,"column":3}},"line":9},"2":{"name":"(anonymous_2)","decl":{"start":{"line":27,"column":23},"end":{"line":27,"column":24}},"loc":{"start":{"line":27,"column":30},"end":{"line":30,"column":3}},"line":27},"3":{"name":"(anonymous_3)","decl":{"start":{"line":39,"column":20},"end":{"line":39,"column":21}},"loc":{"start":{"line":39,"column":27},"end":{"line":39,"column":50}},"line":39},"4":{"name":"(anonymous_4)","decl":{"start":{"line":46,"column":24},"end":{"line":46,"column":25}},"loc":{"start":{"line":48,"column":10},"end":{"line":50,"column":15}},"line":48}},"branchMap":{"0":{"loc":{"start":{"line":18,"column":6},"end":{"line":23,"column":7}},"type":"if","locations":[{"start":{"line":18,"column":6},"end":{"line":23,"column":7}},{"start":{"line":21,"column":13},"end":{"line":23,"column":7}}],"line":18},"1":{"loc":{"start":{"line":18,"column":10},"end":{"line":18,"column":53}},"type":"binary-expr","locations":[{"start":{"line":18,"column":10},"end":{"line":18,"column":22}},{"start":{"line":18,"column":26},"end":{"line":18,"column":53}}],"line":18},"2":{"loc":{"start":{"line":43,"column":7},"end":{"line":43,"column":30}},"type":"binary-expr","locations":[{"start":{"line":43,"column":7},"end":{"line":43,"column":12}},{"start":{"line":43,"column":16},"end":{"line":43,"column":30}}],"line":43}},"s":{"0":1,"1":3,"2":3,"3":3,"4":3,"5":1,"6":1,"7":1,"8":1,"9":0,"10":0,"11":0,"12":0,"13":3,"14":1,"15":1,"16":3,"17":1,"18":2},"f":{"0":3,"1":1,"2":1,"3":1,"4":2},"b":{"0":[0,0],"1":[0,0],"2":[3,0]},"_coverageSchema":"1a1c01bbd47fc00a2c39e90264f33305004495a9","hash":"2c2f0cafc3c3dae3d1544fec7832a2502e8dc042"}
}
